16:13:48.619 [main] INFO  - ***** Starting Scenario execution *****
16:13:53.325 [main] INFO  - Browser launched and navigated to URL.
16:13:53.351 [main] INFO  - User is on the Home Page
16:13:53.397 [main] INFO  - Hovering over 'More' menu...
16:13:53.909 [main] INFO  - Clicking on 'Used Cars' option...
16:14:02.727 [main] INFO  - Scrolled part 1 for Chennai
16:14:07.754 [main] INFO  - Scrolled part 2 for Chennai
16:14:12.777 [main] INFO  - Scrolled part 3 for Chennai
16:14:17.795 [main] INFO  - Scrolled part 4 for Chennai
16:14:22.824 [main] INFO  - Scrolled part 5 for Chennai
16:14:27.849 [main] INFO  - Scrolled part 6 for Chennai
16:14:32.880 [main] INFO  - Scrolled part 7 for Chennai
16:14:37.909 [main] INFO  - Scrolled part 8 for Chennai
16:14:42.940 [main] INFO  - Scrolled part 9 for Chennai
16:14:47.958 [main] INFO  - Scrolled part 10 for Chennai
16:14:52.985 [main] INFO  - Scrolled part 11 for Chennai
16:14:58.009 [main] INFO  - Scrolled part 12 for Chennai
16:15:07.876 [main] INFO  - Extraction complete for city: Chennai
16:15:07.936 [main] INFO  - Scenario PASSED: Checking Used cars page
16:15:07.938 [main] INFO  - ***** Ending Scenario execution *****
16:15:13.713 [main] INFO  - ***** Starting Scenario execution *****
16:15:21.096 [main] INFO  - Browser launched and navigated to URL.
16:15:21.098 [main] INFO  - User is on the Home Page
16:15:21.101 [main] INFO  - Hovering over 'More' menu...
16:15:21.398 [main] INFO  - Clicking on 'Used Cars' option...
16:15:32.019 [main] INFO  - Scrolled part 1 for Bangalore
16:15:37.043 [main] INFO  - Scrolled part 2 for Bangalore
16:15:42.063 [main] INFO  - Scrolled part 3 for Bangalore
16:15:47.085 [main] INFO  - Scrolled part 4 for Bangalore
16:15:52.102 [main] INFO  - Scrolled part 5 for Bangalore
16:15:57.127 [main] INFO  - Scrolled part 6 for Bangalore
16:16:02.138 [main] INFO  - Scrolled part 7 for Bangalore
16:16:07.151 [main] INFO  - Scrolled part 8 for Bangalore
16:16:12.160 [main] INFO  - Scrolled part 9 for Bangalore
16:16:17.182 [main] INFO  - Scrolled part 10 for Bangalore
16:16:22.204 [main] INFO  - Scrolled part 11 for Bangalore
16:16:27.219 [main] INFO  - Scrolled part 12 for Bangalore
16:16:39.193 [main] INFO  - Extraction complete for city: Bangalore
16:16:39.221 [main] INFO  - Scenario PASSED: Checking Used cars page
16:16:39.223 [main] INFO  - ***** Ending Scenario execution *****
16:16:44.922 [main] INFO  - ***** Starting Scenario execution *****
16:16:52.477 [main] INFO  - Browser launched and navigated to URL.
16:16:52.478 [main] INFO  - User is on the Home Page
16:16:52.479 [main] INFO  - Hovering over 'More' menu...
16:16:52.697 [main] INFO  - Clicking on 'Used Cars' option...
16:17:01.727 [main] INFO  - Scrolled part 1 for Mumbai
16:17:06.742 [main] INFO  - Scrolled part 2 for Mumbai
16:17:11.760 [main] INFO  - Scrolled part 3 for Mumbai
16:17:16.775 [main] INFO  - Scrolled part 4 for Mumbai
16:17:21.790 [main] INFO  - Scrolled part 5 for Mumbai
16:17:26.806 [main] INFO  - Scrolled part 6 for Mumbai
16:17:31.840 [main] INFO  - Scrolled part 7 for Mumbai
16:17:36.860 [main] INFO  - Scrolled part 8 for Mumbai
16:17:41.882 [main] INFO  - Scrolled part 9 for Mumbai
16:17:46.903 [main] INFO  - Scrolled part 10 for Mumbai
16:17:51.920 [main] INFO  - Scrolled part 11 for Mumbai
16:17:56.937 [main] INFO  - Scrolled part 12 for Mumbai
16:18:06.178 [main] INFO  - Extraction complete for city: Mumbai
16:18:06.206 [main] INFO  - Scenario PASSED: Checking Used cars page
16:18:06.206 [main] INFO  - ***** Ending Scenario execution *****
16:29:21.009 [main] INFO  - ***** Starting Scenario execution *****
16:29:28.760 [main] INFO  - Browser launched and navigated to URL.
16:29:28.786 [main] INFO  - User is on the Home Page
16:29:28.884 [main] INFO  - Hovering over 'More' menu...
16:29:29.188 [main] INFO  - Clicking on 'Used Cars' option...
16:29:32.337 [main] INFO  - Starting infinite scroll for Chennai
16:29:52.995 [main] INFO  - Reached the end: 'That's all Folks!!' is visible.
16:30:01.256 [main] INFO  - Extraction complete for city: Chennai
16:30:01.304 [main] INFO  - Scenario PASSED: Checking Used cars page
16:30:01.304 [main] INFO  - ***** Ending Scenario execution *****
16:30:07.929 [main] INFO  - ***** Starting Scenario execution *****
16:30:14.641 [main] INFO  - Browser launched and navigated to URL.
16:30:14.644 [main] INFO  - User is on the Home Page
16:30:14.645 [main] INFO  - Hovering over 'More' menu...
16:30:14.838 [main] INFO  - Clicking on 'Used Cars' option...
16:30:23.107 [main] INFO  - Starting infinite scroll for Bangalore
16:30:23.135 [main] INFO  - Reached the end: 'That's all Folks!!' is visible.
16:30:23.446 [main] INFO  - Extraction complete for city: Bangalore
16:30:23.497 [main] INFO  - Scenario PASSED: Checking Used cars page
16:30:23.500 [main] INFO  - ***** Ending Scenario execution *****
16:30:30.373 [main] INFO  - ***** Starting Scenario execution *****
16:30:35.984 [main] INFO  - Browser launched and navigated to URL.
16:30:35.986 [main] INFO  - User is on the Home Page
16:30:35.987 [main] INFO  - Hovering over 'More' menu...
16:30:36.204 [main] INFO  - Clicking on 'Used Cars' option...
16:30:42.913 [main] INFO  - Starting infinite scroll for Mumbai
16:32:07.255 [main] INFO  - Reached the end: 'That's all Folks!!' is visible.
16:33:04.471 [main] INFO  - Extraction complete for city: Mumbai
16:33:04.500 [main] INFO  - Scenario PASSED: Checking Used cars page
16:33:04.500 [main] INFO  - ***** Ending Scenario execution *****
16:35:32.510 [main] INFO  - ***** Starting Scenario execution *****
16:35:37.473 [main] INFO  - Browser launched and navigated to URL.
16:35:37.491 [main] INFO  - User is on the Home Page
16:35:37.529 [main] INFO  - Hovering over 'More' menu...
16:35:37.835 [main] INFO  - Clicking on 'Used Cars' option...
16:35:40.367 [main] INFO  - Starting infinite scroll for Chennai
16:36:05.081 [main] INFO  - Reached the end: 'That's all Folks!!' is visible.
16:36:17.138 [main] INFO  - Extraction complete for city: Chennai
16:36:17.181 [main] INFO  - Scenario PASSED: Checking Used cars page
16:36:17.181 [main] INFO  - ***** Ending Scenario execution *****
16:36:22.153 [main] INFO  - ***** Starting Scenario execution *****
16:36:28.796 [main] INFO  - Browser launched and navigated to URL.
16:36:28.799 [main] INFO  - User is on the Home Page
16:36:28.802 [main] INFO  - Hovering over 'More' menu...
16:36:29.219 [main] INFO  - Clicking on 'Used Cars' option...
16:36:32.504 [main] INFO  - Starting infinite scroll for Bangalore
16:37:56.705 [main] INFO  - Reached the end: 'That's all Folks!!' is visible.
16:38:57.639 [main] INFO  - Extraction complete for city: Bangalore
16:38:57.669 [main] INFO  - Scenario PASSED: Checking Used cars page
16:38:57.669 [main] INFO  - ***** Ending Scenario execution *****
16:39:06.004 [main] INFO  - ***** Starting Scenario execution *****
16:39:14.619 [main] INFO  - Browser launched and navigated to URL.
16:39:14.623 [main] INFO  - User is on the Home Page
16:39:14.625 [main] INFO  - Hovering over 'More' menu...
16:39:14.906 [main] INFO  - Clicking on 'Used Cars' option...
16:39:19.699 [main] INFO  - Starting infinite scroll for Mumbai
16:41:45.164 [main] INFO  - Reached the end: 'That's all Folks!!' is visible.
16:42:30.594 [main] INFO  - Extraction complete for city: Mumbai
16:42:30.627 [main] INFO  - Scenario PASSED: Checking Used cars page
16:42:30.627 [main] INFO  - ***** Ending Scenario execution *****
16:47:47.690 [main] INFO  - ***** Starting Scenario execution *****
16:47:56.157 [main] INFO  - Browser launched and navigated to URL.
16:47:56.203 [main] INFO  - User is on the Home Page
16:47:56.330 [main] INFO  - Hovering over 'New Bikes' menu...
16:47:57.057 [main] INFO  - Clicking on 'Upcoming Bikes' option...
16:48:00.567 [main] INFO  - Successfully clicked Royal Enfield
16:48:00.695 [main] INFO  - Verifying page header for: Royal Enfield
16:48:05.879 [main] INFO  - Excel generated for Royal Enfield with TimeStamp column.
16:48:05.895 [main] INFO  - Data export completed for: Royal Enfield
16:48:05.895 [main] INFO  - Scenario PASSED: Verify upcoming bikes for different manufacturers
16:48:05.895 [main] INFO  - ***** Ending Scenario execution *****
16:48:12.356 [main] INFO  - ***** Starting Scenario execution *****
16:48:20.595 [main] INFO  - Browser launched and navigated to URL.
16:48:20.595 [main] INFO  - User is on the Home Page
16:48:20.595 [main] INFO  - Hovering over 'New Bikes' menu...
16:48:20.997 [main] INFO  - Clicking on 'Upcoming Bikes' option...
16:48:24.295 [main] INFO  - Successfully clicked Yamaha
16:48:24.374 [main] INFO  - Verifying page header for: Yamaha
16:48:26.234 [main] INFO  - Excel generated for Yamaha with TimeStamp column.
16:48:26.234 [main] INFO  - Data export completed for: Yamaha
16:48:26.262 [main] INFO  - Scenario PASSED: Verify upcoming bikes for different manufacturers
16:48:26.262 [main] INFO  - ***** Ending Scenario execution *****
16:48:31.592 [main] INFO  - ***** Starting Scenario execution *****
16:48:38.912 [main] INFO  - Browser launched and navigated to URL.
16:48:38.912 [main] INFO  - User is on the Home Page
16:48:38.918 [main] INFO  - Hovering over 'New Bikes' menu...
16:48:39.682 [main] INFO  - Clicking on 'Upcoming Bikes' option...
16:48:43.589 [main] INFO  - Successfully clicked TVS
16:48:43.673 [main] INFO  - Verifying page header for: TVS
16:48:44.270 [main] INFO  - Excel generated for TVS with TimeStamp column.
16:48:44.270 [main] INFO  - Data export completed for: TVS
16:48:44.270 [main] INFO  - Scenario PASSED: Verify upcoming bikes for different manufacturers
16:48:44.270 [main] INFO  - ***** Ending Scenario execution *****
16:48:49.282 [main] INFO  - ***** Starting Scenario execution *****
16:48:57.315 [main] INFO  - Browser launched and navigated to URL.
16:48:57.323 [main] INFO  - User is on the Home Page
16:48:57.324 [main] INFO  - Hovering over 'New Bikes' menu...
16:48:57.713 [main] INFO  - Clicking on 'Upcoming Bikes' option...
16:49:01.176 [main] INFO  - Successfully clicked Bajaj
16:49:01.281 [main] INFO  - Verifying page header for: Bajaj
16:49:01.963 [main] INFO  - Excel generated for Bajaj with TimeStamp column.
16:49:01.963 [main] INFO  - Data export completed for: Bajaj
16:49:01.963 [main] INFO  - Scenario PASSED: Verify upcoming bikes for different manufacturers
16:49:01.963 [main] INFO  - ***** Ending Scenario execution *****
16:49:06.945 [main] INFO  - ***** Starting Scenario execution *****
16:49:15.204 [main] INFO  - Browser launched and navigated to URL.
16:49:15.212 [main] INFO  - User is on the Home Page
16:49:15.212 [main] INFO  - Hovering over 'New Bikes' menu...
16:49:15.609 [main] INFO  - Clicking on 'Upcoming Bikes' option...
16:49:18.904 [main] INFO  - Successfully clicked Hero Moto Corp
16:49:18.985 [main] INFO  - Verifying page header for: Hero Moto Corp
16:49:19.588 [main] INFO  - Excel generated for Hero Moto Corp with TimeStamp column.
16:49:19.588 [main] INFO  - Data export completed for: Hero Moto Corp
16:49:19.588 [main] INFO  - Scenario PASSED: Verify upcoming bikes for different manufacturers
16:49:19.604 [main] INFO  - ***** Ending Scenario execution *****
16:49:24.871 [main] INFO  - ***** Starting Scenario execution *****
16:49:32.427 [main] INFO  - Browser launched and navigated to URL.
16:49:32.435 [main] INFO  - User is on the Home Page
16:49:32.440 [main] INFO  - Hovering over 'More' menu...
16:49:32.846 [main] INFO  - Clicking on 'Used Cars' option...
16:49:37.222 [main] INFO  - Starting infinite scroll for Chennai
16:50:02.579 [main] INFO  - Reached the end: 'That's all Folks!!' is visible.
16:50:22.689 [main] INFO  - Extraction complete for city: Chennai
16:50:22.768 [main] INFO  - Scenario PASSED: Checking Used cars page
16:50:22.768 [main] INFO  - ***** Ending Scenario execution *****
16:50:30.806 [main] INFO  - ***** Starting Scenario execution *****
16:50:38.707 [main] INFO  - Browser launched and navigated to URL.
16:50:38.713 [main] INFO  - User is on the Home Page
16:50:38.713 [main] INFO  - Hovering over 'More' menu...
16:50:39.008 [main] INFO  - Clicking on 'Used Cars' option...
16:50:44.896 [main] INFO  - Starting infinite scroll for Bangalore
16:52:10.220 [main] INFO  - Reached the end: 'That's all Folks!!' is visible.
16:54:26.650 [main] INFO  - Extraction complete for city: Bangalore
16:54:26.712 [main] INFO  - Scenario PASSED: Checking Used cars page
16:54:26.712 [main] INFO  - ***** Ending Scenario execution *****
16:54:38.147 [main] INFO  - ***** Starting Scenario execution *****
16:54:48.222 [main] INFO  - Browser launched and navigated to URL.
16:54:48.222 [main] INFO  - User is on the Home Page
16:54:48.236 [main] INFO  - Hovering over 'More' menu...
